2020-04-19 17:29:08.111 [MLog-Init-Reporter] INFO  com.mchange.v2.log.MLog -
				MLog clients using slf4j logging.
2020-04-19 17:29:08.676 [main] INFO  com.mchange.v2.c3p0.C3P0Registry -
				Initializing c3p0-0.9.5.4 [built 23-March-2019 23:00:48 -0700; debug? true; trace: 10]
2020-04-19 17:31:26.206 [MLog-Init-Reporter] INFO  com.mchange.v2.log.MLog -
				MLog clients using slf4j logging.
2020-04-19 17:31:26.560 [main] INFO  com.mchange.v2.c3p0.C3P0Registry -
				Initializing c3p0-0.9.5.4 [built 23-March-2019 23:00:48 -0700; debug? true; trace: 10]
2020-04-19 17:32:09.070 [MLog-Init-Reporter] INFO  com.mchange.v2.log.MLog -
				MLog clients using slf4j logging.
2020-04-19 17:32:09.464 [main] INFO  com.mchange.v2.c3p0.C3P0Registry -
				Initializing c3p0-0.9.5.4 [built 23-March-2019 23:00:48 -0700; debug? true; trace: 10]
2020-04-19 21:25:58.762 [MLog-Init-Reporter] INFO  com.mchange.v2.log.MLog -
				MLog clients using slf4j logging.
2020-04-19 21:25:59.313 [main] INFO  com.mchange.v2.c3p0.C3P0Registry -
				Initializing c3p0-0.9.5.4 [built 23-March-2019 23:00:48 -0700; debug? true; trace: 10]
2020-04-19 21:26:00.671 [main] INFO  com.mchange.v2.c3p0.impl.AbstractPoolBackedDataSource -
				Initializing c3p0 pool... com.mchange.v2.c3p0.ComboPooledDataSource [ acquireIncrement -> 3, acquireRetryAttempts -> 2, acquireRetryDelay -> 1000, autoCommitOnClose -> false, automaticTestTable -> null, breakAfterAcquireFailure -> false, checkoutTimeout -> 10000, connectionCustomizerClassName -> null, connectionTesterClassName -> com.mchange.v2.c3p0.impl.DefaultConnectionTester, contextClassLoaderSource -> caller, dataSourceName -> 1hge0z9a914oimco1ie91k|537f60bf, debugUnreturnedConnectionStackTraces -> false, description -> null, driverClass -> com.mysql.jdbc.Driver, extensions -> {}, factoryClassLocation -> null, forceIgnoreUnresolvedTransactions -> false, forceSynchronousCheckins -> false, forceUseNamedDriverClass -> false, identityToken -> 1hge0z9a914oimco1ie91k|537f60bf, idleConnectionTestPeriod -> 0, initialPoolSize -> 3, jdbcUrl -> jdbc:mysql://localhost:3306/o2o?useUnicode=true&characterEncoding=utf8&serverTimezone=UTC, maxAdministrativeTaskTime -> 0, maxConnectionAge -> 0, maxIdleTime -> 0, maxIdleTimeExcessConnections -> 0, maxPoolSize -> 30, maxStatements -> 0, maxStatementsPerConnection -> 0, minPoolSize -> 10, numHelperThreads -> 3, preferredTestQuery -> null, privilegeSpawnedThreads -> false, properties -> {user=******, password=******}, propertyCycle -> 0, statementCacheNumDeferredCloseThreads -> 0, testConnectionOnCheckin -> false, testConnectionOnCheckout -> false, unreturnedConnectionTimeout -> 0, userOverrides -> {}, usesTraditionalReflectiveProxies -> false ]
2020-04-19 21:26:00.702 [main] WARN  com.mchange.v2.resourcepool.BasicResourcePool -
				Bad pool size config, start 3 < min 10. Using 10 as start.
2020-04-19 21:26:29.883 [MLog-Init-Reporter] INFO  com.mchange.v2.log.MLog -
				MLog clients using slf4j logging.
2020-04-19 21:26:30.328 [main] INFO  com.mchange.v2.c3p0.C3P0Registry -
				Initializing c3p0-0.9.5.4 [built 23-March-2019 23:00:48 -0700; debug? true; trace: 10]
2020-04-19 21:26:31.377 [main] INFO  com.mchange.v2.c3p0.impl.AbstractPoolBackedDataSource -
				Initializing c3p0 pool... com.mchange.v2.c3p0.ComboPooledDataSource [ acquireIncrement -> 3, acquireRetryAttempts -> 2, acquireRetryDelay -> 1000, autoCommitOnClose -> false, automaticTestTable -> null, breakAfterAcquireFailure -> false, checkoutTimeout -> 10000, connectionCustomizerClassName -> null, connectionTesterClassName -> com.mchange.v2.c3p0.impl.DefaultConnectionTester, contextClassLoaderSource -> caller, dataSourceName -> 1hge0z9a914ojad8bkboy2|537f60bf, debugUnreturnedConnectionStackTraces -> false, description -> null, driverClass -> com.mysql.jdbc.Driver, extensions -> {}, factoryClassLocation -> null, forceIgnoreUnresolvedTransactions -> false, forceSynchronousCheckins -> false, forceUseNamedDriverClass -> false, identityToken -> 1hge0z9a914ojad8bkboy2|537f60bf, idleConnectionTestPeriod -> 0, initialPoolSize -> 3, jdbcUrl -> jdbc:mysql://localhost:3306/o2o?useUnicode=true&characterEncoding=utf8&serverTimezone=UTC, maxAdministrativeTaskTime -> 0, maxConnectionAge -> 0, maxIdleTime -> 0, maxIdleTimeExcessConnections -> 0, maxPoolSize -> 30, maxStatements -> 0, maxStatementsPerConnection -> 0, minPoolSize -> 10, numHelperThreads -> 3, preferredTestQuery -> null, privilegeSpawnedThreads -> false, properties -> {user=******, password=******}, propertyCycle -> 0, statementCacheNumDeferredCloseThreads -> 0, testConnectionOnCheckin -> false, testConnectionOnCheckout -> false, unreturnedConnectionTimeout -> 0, userOverrides -> {}, usesTraditionalReflectiveProxies -> false ]
2020-04-19 21:26:31.428 [main] WARN  com.mchange.v2.resourcepool.BasicResourcePool -
				Bad pool size config, start 3 < min 10. Using 10 as start.
2020-04-19 21:28:30.585 [MLog-Init-Reporter] INFO  com.mchange.v2.log.MLog -
				MLog clients using slf4j logging.
2020-04-19 21:28:31.092 [main] INFO  com.mchange.v2.c3p0.C3P0Registry -
				Initializing c3p0-0.9.5.4 [built 23-March-2019 23:00:48 -0700; debug? true; trace: 10]
2020-04-19 21:28:32.362 [main] INFO  com.mchange.v2.c3p0.impl.AbstractPoolBackedDataSource -
				Initializing c3p0 pool... com.mchange.v2.c3p0.ComboPooledDataSource [ acquireIncrement -> 3, acquireRetryAttempts -> 2, acquireRetryDelay -> 1000, autoCommitOnClose -> false, automaticTestTable -> null, breakAfterAcquireFailure -> false, checkoutTimeout -> 10000, connectionCustomizerClassName -> null, connectionTesterClassName -> com.mchange.v2.c3p0.impl.DefaultConnectionTester, contextClassLoaderSource -> caller, dataSourceName -> 1hge0z9a914olvi81b414nt|537f60bf, debugUnreturnedConnectionStackTraces -> false, description -> null, driverClass -> com.mysql.jdbc.Driver, extensions -> {}, factoryClassLocation -> null, forceIgnoreUnresolvedTransactions -> false, forceSynchronousCheckins -> false, forceUseNamedDriverClass -> false, identityToken -> 1hge0z9a914olvi81b414nt|537f60bf, idleConnectionTestPeriod -> 0, initialPoolSize -> 3, jdbcUrl -> jdbc:mysql://localhost:3306/o2o?useUnicode=true&characterEncoding=utf8&serverTimezone=UTC, maxAdministrativeTaskTime -> 0, maxConnectionAge -> 0, maxIdleTime -> 0, maxIdleTimeExcessConnections -> 0, maxPoolSize -> 30, maxStatements -> 0, maxStatementsPerConnection -> 0, minPoolSize -> 10, numHelperThreads -> 3, preferredTestQuery -> null, privilegeSpawnedThreads -> false, properties -> {user=******, password=******}, propertyCycle -> 0, statementCacheNumDeferredCloseThreads -> 0, testConnectionOnCheckin -> false, testConnectionOnCheckout -> false, unreturnedConnectionTimeout -> 0, userOverrides -> {}, usesTraditionalReflectiveProxies -> false ]
2020-04-19 21:28:32.413 [main] WARN  com.mchange.v2.resourcepool.BasicResourcePool -
				Bad pool size config, start 3 < min 10. Using 10 as start.
2020-04-19 21:29:05.642 [MLog-Init-Reporter] INFO  com.mchange.v2.log.MLog -
				MLog clients using slf4j logging.
2020-04-19 21:29:06.049 [main] INFO  com.mchange.v2.c3p0.C3P0Registry -
				Initializing c3p0-0.9.5.4 [built 23-March-2019 23:00:48 -0700; debug? true; trace: 10]
2020-04-19 21:29:06.833 [main] INFO  com.mchange.v2.c3p0.impl.AbstractPoolBackedDataSource -
				Initializing c3p0 pool... com.mchange.v2.c3p0.ComboPooledDataSource [ acquireIncrement -> 3, acquireRetryAttempts -> 2, acquireRetryDelay -> 1000, autoCommitOnClose -> false, automaticTestTable -> null, breakAfterAcquireFailure -> false, checkoutTimeout -> 10000, connectionCustomizerClassName -> null, connectionTesterClassName -> com.mchange.v2.c3p0.impl.DefaultConnectionTester, contextClassLoaderSource -> caller, dataSourceName -> 1hge0z9a914ommjkgj0pmv|273e7444, debugUnreturnedConnectionStackTraces -> false, description -> null, driverClass -> com.mysql.jdbc.Driver, extensions -> {}, factoryClassLocation -> null, forceIgnoreUnresolvedTransactions -> false, forceSynchronousCheckins -> false, forceUseNamedDriverClass -> false, identityToken -> 1hge0z9a914ommjkgj0pmv|273e7444, idleConnectionTestPeriod -> 0, initialPoolSize -> 3, jdbcUrl -> jdbc:mysql://localhost:3306/o2o?useUnicode=true&characterEncoding=utf8&serverTimezone=UTC, maxAdministrativeTaskTime -> 0, maxConnectionAge -> 0, maxIdleTime -> 0, maxIdleTimeExcessConnections -> 0, maxPoolSize -> 30, maxStatements -> 0, maxStatementsPerConnection -> 0, minPoolSize -> 10, numHelperThreads -> 3, preferredTestQuery -> null, privilegeSpawnedThreads -> false, properties -> {user=******, password=******}, propertyCycle -> 0, statementCacheNumDeferredCloseThreads -> 0, testConnectionOnCheckin -> false, testConnectionOnCheckout -> false, unreturnedConnectionTimeout -> 0, userOverrides -> {}, usesTraditionalReflectiveProxies -> false ]
2020-04-19 21:29:06.857 [main] WARN  com.mchange.v2.resourcepool.BasicResourcePool -
				Bad pool size config, start 3 < min 10. Using 10 as start.
